
ROM used:   229/8192 (3%)
            229/8192 (3%) including unused fragments

            0.3 Average locations per line
            6.4 Average locations per statement

RAM used:   14/368 (4%) at main() level
            14/368 (4%) worst case

Stack used: 1 worst case (1 in main + 0 for interrupts)
Stack size: 8

Lines Stmts  %   Files
----- ----- ---  -----
   45    36 100  soru_21.c
  620     0   0  ..\..\..\..\..\..\Program Files (x86)\PICC\Devices\16f876a.h
----- -----
  665    36 Total

Page ROM  %  RAM   Vol Diff  Functions:
---- --- --- ---   --- ----  ----------
0     20   9    1             @delay_ms1
0     14   6    0             @const608
0     14   6    0  1176  7.8  @const611
0    177  77    1  1236  4.4  main
 Inline         0             @cinit1

Program metrics:
    Functions               2
    Statements              36
    Comments                120
    Volume (V)              2788
    Difficulty (D)          12.0
    Effort to implement (E) 33386
    Time to implement (T)   31 minutes
    Est Delivered Bugs (B)  0
    Cyclomatic Complexity   14
    Maintainability (MI)    58

 Segment     Used  Free
-----------  ----  ----
00000-00003     4  0  
00004-007FF   225  1819  
00800-00FFF     0  2048  
01000-017FF     0  2048  
01800-01FFF     0  2048  



